<?xml version="1.0" encoding="UTF-8"?>
<testng-results skipped="0" failed="0" ignored="0" total="1" passed="1">
  <reporter-output>
  </reporter-output>
  <suite name="Default suite" duration-ms="79975" started-at="2019-09-30T09:27:23Z" finished-at="2019-09-30T09:28:43Z">
    <groups>
    </groups>
    <test name="Default test" duration-ms="79975" started-at="2019-09-30T09:27:23Z" finished-at="2019-09-30T09:28:43Z">
      <class name="Appium.Google_Genymotion">
        <test-method status="PASS" signature="bclass()[pri:0, instance:Appium.Google_Genymotion@7b69c6ba]" name="bclass" is-config="true" duration-ms="13705" started-at="2019-09-30T09:27:23Z" finished-at="2019-09-30T09:27:37Z">
          <reporter-output>
          </reporter-output>
        </test-method> <!-- bclass -->
        <test-method status="PASS" signature="testcase()[pri:0, instance:Appium.Google_Genymotion@7b69c6ba]" name="testcase" duration-ms="66249" started-at="2019-09-30T09:27:37Z" finished-at="2019-09-30T09:28:43Z">
          <reporter-output>
          </reporter-output>
        </test-method> <!-- testcase -->
      </class> <!-- Appium.Google_Genymotion -->
    </test> <!-- Default test -->
  </suite> <!-- Default suite -->
</testng-results>
